2024-06-11 17:08:02,338 - pyswarms.single.global_best - INFO - Optimize for 1000 iters with {'c1': 0.8, 'c2': 0.3, 'w': 0.2}
2024-06-11 17:12:27,731 - pyswarms.single.global_best - INFO - Optimization finished | best cost: 52860.2833773573, best pos: [-19.86573358 -43.98062277 -19.88404391 -43.96606933 -19.86609284
 -43.90061865 -19.9108911  -43.94382694 -19.91812153 -43.98587707
 -19.94381238 -43.93524399 -19.98595578 -44.00593688 -19.8451029
 -43.92616693 -19.82632853 -43.98086146 -19.88674963 -43.91891971]
2024-06-11 22:10:12,152 - pyswarms.single.global_best - INFO - Optimize for 100 iters with {'c1': 0.5, 'c2': 0.3, 'w': 0.9}
2024-06-11 22:10:19,957 - pyswarms.single.global_best - INFO - Optimize for 1000 iters with {'c1': 0.8, 'c2': 0.3, 'w': 0.2}
2024-06-11 22:11:04,140 - pyswarms.single.global_best - INFO - Optimize for 100 iters with {'c1': 0.6, 'c2': 0.3, 'w': 0.6}
2024-06-11 22:11:28,035 - pyswarms.single.global_best - INFO - Optimization finished | best cost: 45598.57595530143, best pos: [-19.81880711 -43.99394802 -19.81702317 -43.94796597 -19.85009516
 -43.90580855 -19.93582293 -43.92692909 -19.89057828 -44.01444826
 -19.99716096 -44.03887941 -19.89372992 -43.91935985 -19.86173841
 -43.94800966 -19.92751546 -43.98557515]
2024-06-11 22:15:08,745 - pyswarms.single.global_best - INFO - Optimize for 1000 iters with {'c1': 0.6, 'c2': 0.3, 'w': 0.6}
2024-06-11 22:15:21,641 - pyswarms.single.global_best - INFO - Optimize for 100 iters with {'c1': 0.6, 'c2': 0.3, 'w': 0.6}
2024-06-11 22:15:43,820 - pyswarms.single.global_best - INFO - Optimization finished | best cost: 45744.79367572857, best pos: [-19.81019541 -43.96359162 -19.84599818 -43.93426387 -19.9240159
 -43.99834543 -19.959216   -43.98396249 -19.8764732  -43.9078952
 -19.90269425 -43.93860261 -19.82159364 -43.99439416 -19.8912318
 -44.00139006 -19.99477691 -44.03144726]
2024-06-11 22:22:54,140 - pyswarms.single.global_best - INFO - Optimize for 100 iters with {'c1': 0.6, 'c2': 0.3, 'w': 0.6}
2024-06-11 22:23:16,233 - pyswarms.single.global_best - INFO - Optimization finished | best cost: 49684.18406257342, best pos: [-19.81752904 -43.98823688 -19.82905773 -43.939382   -19.95041228
 -43.98230254 -19.89989907 -43.9995483  -19.9052448  -43.89823307
 -19.86781837 -43.92632863 -19.89870111 -43.85593367]
2024-06-11 22:30:18,613 - pyswarms.single.global_best - INFO - Optimize for 100 iters with {'c1': 0.6, 'c2': 0.3, 'w': 0.6}
2024-06-11 22:30:38,463 - pyswarms.single.global_best - INFO - Optimization finished | best cost: 46726.11294369156, best pos: [-19.88057408 -43.94665504 -19.89802582 -44.00198408 -19.90174666
 -43.90402001 -19.94324297 -43.9840321  -19.84574088 -43.92247939
 -19.81839915 -43.98483867]
2024-06-11 22:43:07,746 - pyswarms.single.global_best - INFO - Optimize for 100 iters with {'c1': 0.6, 'c2': 0.3, 'w': 0.6}
2024-06-11 22:43:27,654 - pyswarms.single.global_best - INFO - Optimization finished | best cost: 126510.93982780809, best pos: [-43.76828355 -19.92165724 -44.07419733 -19.95747784 -43.8593734
 -19.75504962 -43.97480787 -19.94416006 -44.08658646 -19.91772746
 -44.08701573 -19.79697608]
2024-06-11 22:48:45,521 - pyswarms.single.global_best - INFO - Optimize for 100 iters with {'c1': 0.6, 'c2': 0.3, 'w': 0.6}
2024-06-11 22:49:07,108 - pyswarms.single.global_best - INFO - Optimization finished | best cost: 79722772.31330012, best pos: [-44.04931697 -19.7723069  -44.00901199 -19.93013532 -43.76203721
 -19.90478057 -43.9792288  -19.91334423 -43.75065121 -20.04203381
 -43.95945514 -19.99230512]
2024-06-11 22:52:39,338 - pyswarms.single.global_best - INFO - Optimize for 100 iters with {'c1': 0.6, 'c2': 0.3, 'w': 0.6}
2024-06-11 22:52:59,829 - pyswarms.single.global_best - INFO - Optimization finished | best cost: 79792997.30155446, best pos: [-44.13522202 -19.91796094 -43.85030738 -19.84933553 -43.92472783
 -19.95944931 -43.80013076 -20.04937642 -43.86732455 -19.96016253]
2024-06-11 22:53:49,151 - pyswarms.single.global_best - INFO - Optimize for 100 iters with {'c1': 0.6, 'c2': 0.3, 'w': 0.6}
2024-06-11 22:54:08,840 - pyswarms.single.global_best - INFO - Optimization finished | best cost: 79794142.59355746, best pos: [-43.80129204 -20.04985082 -44.02904855 -19.77167345 -43.98982914
 -19.83814695 -43.92839331 -19.93691195 -43.93510974 -19.88885117]
2024-06-11 22:54:46,442 - pyswarms.single.global_best - INFO - Optimize for 100 iters with {'c1': 0.6, 'c2': 0.3, 'w': 0.6}
2024-06-11 22:55:11,642 - pyswarms.single.global_best - INFO - Optimization finished | best cost: 79800411.22837867, best pos: [-43.80156548 -20.04636899 -43.90739745 -19.84561917 -44.08075968
 -19.9069268  -43.81671648 -19.93461676 -44.1310666  -19.78890607
 -43.83658284 -19.90129947 -44.02694424 -19.92851782 -44.03449553
 -19.78850295 -43.85800628 -19.83560584 -43.82398446 -19.76678013]
2024-06-11 22:56:21,526 - pyswarms.single.global_best - INFO - Optimize for 100 iters with {'c1': 0.6, 'c2': 0.3, 'w': 0.6}
2024-06-11 22:56:45,176 - pyswarms.single.global_best - INFO - Optimization finished | best cost: 79797159.6898131, best pos: [-43.98427551 -19.92547947 -44.02501651 -19.87091732 -44.04697591
 -19.91018831 -43.90232082 -19.8802512  -43.92289727 -20.02259879
 -43.80213289 -20.04888372 -43.8390626  -19.81418029 -44.01270739
 -19.90721423 -44.03722562 -19.77037646]
2024-06-11 22:57:10,442 - pyswarms.single.global_best - INFO - Optimize for 100 iters with {'c1': 0.3, 'c2': 0.6, 'w': 0.6}
2024-06-11 22:57:38,410 - pyswarms.single.global_best - INFO - Optimization finished | best cost: 79793381.31583051, best pos: [-44.0083315  -19.8408457  -44.05348416 -19.83032672 -43.9480396
 -19.84734143 -43.97561328 -19.90028035 -43.92008521 -19.88996591
 -43.80069334 -20.04970857 -43.87914901 -19.96108798 -43.99515174
 -19.945886   -44.00023828 -19.83458905]
2024-06-11 23:05:31,822 - pyswarms.single.global_best - INFO - Optimize for 100 iters with {'c1': 0.3, 'c2': 0.6, 'w': 0.6}
2024-06-11 23:06:04,918 - pyswarms.single.global_best - INFO - Optimize for 100 iters with {'c1': 0.3, 'c2': 0.6, 'w': 0.6}
2024-06-11 23:09:18,669 - pyswarms.single.global_best - INFO - Optimize for 100 iters with {'c1': 0.3, 'c2': 0.6, 'w': 0.6}
2024-06-11 23:11:31,462 - pyswarms.single.global_best - INFO - Optimize for 100 iters with {'c1': 0.3, 'c2': 0.6, 'w': 0.6}
2024-06-11 23:12:13,716 - pyswarms.single.global_best - INFO - Optimize for 100 iters with {'c1': 0.3, 'c2': 0.6, 'w': 0.6}
2024-06-11 23:14:41,871 - pyswarms.single.global_best - INFO - Optimize for 100 iters with {'c1': 0.3, 'c2': 0.6, 'w': 0.6}
2024-06-11 23:15:29,332 - pyswarms.single.global_best - INFO - Optimize for 100 iters with {'c1': 0.3, 'c2': 0.6, 'w': 0.6}
2024-06-11 23:15:51,523 - pyswarms.single.global_best - INFO - Optimize for 100 iters with {'c1': 0.3, 'c2': 0.6, 'w': 0.6}
2024-06-11 23:16:08,080 - pyswarms.single.global_best - INFO - Optimize for 100 iters with {'c1': 0.3, 'c2': 0.6, 'w': 0.6}
2024-06-11 23:16:31,979 - pyswarms.single.global_best - INFO - Optimize for 100 iters with {'c1': 0.3, 'c2': 0.6, 'w': 0.6}
2024-06-11 23:18:30,138 - pyswarms.single.global_best - INFO - Optimize for 100 iters with {'c1': 0.3, 'c2': 0.6, 'w': 0.6}
2024-06-11 23:20:01,608 - pyswarms.single.global_best - INFO - Optimization finished | best cost: 152402.91893112363, best pos: [-43.95539904 -19.82326907 -43.95688536 -19.90319273 -43.95644858
 -19.90318647 -43.9568823  -19.90319455 -43.95572454 -19.90496713
 -43.95688379 -19.90319559 -43.95265547 -19.91006472 -43.9898963
 -19.90066218 -44.01612008 -19.93281203]
2024-06-11 23:22:55,349 - pyswarms.single.global_best - INFO - Optimize for 100 iters with {'c1': 0.3, 'c2': 0.6, 'w': 0.6}
2024-06-11 23:23:10,801 - pyswarms.single.global_best - INFO - Optimization finished | best cost: 44708.600478320564, best pos: [-43.95529223 -19.94244008 -43.91562658 -19.86818279 -44.00135426
 -19.93556453 -44.00258791 -19.88297077 -43.98650588 -19.81729208
 -43.94465528 -19.89940965 -44.02249165 -19.99347921 -43.91067819
 -19.92365842 -43.93229151 -19.82560755]
2024-06-11 23:27:32,587 - pyswarms.single.global_best - INFO - Optimize for 100 iters with {'c1': 0.3, 'c2': 0.6, 'w': 0.6}
2024-06-11 23:27:56,149 - pyswarms.single.global_best - INFO - Optimization finished | best cost: 44408.30896967207, best pos: [-43.91118434 -19.85966954 -44.02472412 -19.99624734 -43.99816836
 -19.95709952 -43.94973218 -19.81261503 -43.92143546 -19.91594902
 -43.99242104 -19.82127534 -43.95199078 -19.94590237 -44.01040204
 -19.87812367 -43.99325628 -19.91068453]
2024-06-11 23:29:29,647 - pyswarms.single.global_best - INFO - Optimize for 100 iters with {'c1': 0.3, 'c2': 0.6, 'w': 0.6}
2024-06-11 23:29:40,207 - pyswarms.single.global_best - INFO - Optimization finished | best cost: 90852.93483372209, best pos: [-43.92967562 -19.92227461 -44.0018875  -19.95442439]
2024-06-11 23:32:03,122 - pyswarms.single.global_best - INFO - Optimize for 100 iters with {'c1': 0.3, 'c2': 0.6, 'w': 0.6}
2024-06-11 23:32:10,165 - pyswarms.single.global_best - INFO - Optimization finished | best cost: 85869.5704600288, best pos: [-43.97298235 -19.82263629 -43.9296155  -19.89905544 -43.99717606
 -19.94985233]
2024-06-11 23:33:17,958 - pyswarms.single.global_best - INFO - Optimize for 100 iters with {'c1': 0.3, 'c2': 0.6, 'w': 0.6}
2024-06-11 23:33:25,831 - pyswarms.single.global_best - INFO - Optimization finished | best cost: 85994.18988738739, best pos: []
2024-06-11 23:33:43,676 - pyswarms.single.global_best - INFO - Optimize for 100 iters with {'c1': 0.3, 'c2': 0.6, 'w': 0.6}
2024-06-11 23:33:58,926 - pyswarms.single.global_best - INFO - Optimization finished | best cost: 48081.53541556853, best pos: [-43.9112348  -19.8543617  -43.94948168 -19.81765338 -43.9921989
 -19.81812947 -43.90239753 -19.90245548 -44.00224316 -19.91271201]
2024-06-11 23:36:44,934 - pyswarms.single.global_best - INFO - Optimize for 100 iters with {'c1': 0.3, 'c2': 0.6, 'w': 0.6}
2024-06-11 23:37:03,627 - pyswarms.single.global_best - INFO - Optimization finished | best cost: 44054.87426541105, best pos: [-43.97942604 -19.81566852 -43.97874068 -19.89346495 -44.0064559
 -19.91709456 -44.02860944 -19.99486366 -43.91248998 -19.91426302
 -43.90107974 -19.8534291  -43.93556034 -19.87875492 -43.94941912
 -19.94472077 -43.99379639 -19.95071195 -43.94105386 -19.82955448]
2024-06-11 23:38:04,248 - pyswarms.single.global_best - INFO - Optimize for 100 iters with {'c1': 0.3, 'c2': 0.6, 'w': 0.6}
2024-06-11 23:38:28,372 - pyswarms.single.global_best - INFO - Optimization finished | best cost: 45320.1836650403, best pos: [-44.00012247 -19.8361146  -43.9825462  -19.94813927 -43.94156796
 -19.94014482 -44.02666464 -19.99472168 -44.00438051 -19.90982366
 -43.96224393 -19.81533745 -43.9166711  -19.92993887 -43.91119974
 -19.90812562 -43.95077747 -19.89012104 -43.91434884 -19.84925611]
2024-06-11 23:39:53,652 - pyswarms.single.global_best - INFO - Optimize for 200 iters with {'c1': 0.3, 'c2': 0.7, 'w': 0.6}
2024-06-11 23:41:10,645 - pyswarms.single.global_best - INFO - Optimization finished | best cost: 43218.26990869004, best pos: [-44.03457043 -19.99575547 -43.95407    -19.94472341 -43.98534411
 -19.8174045  -43.99954623 -19.94529921 -43.91957349 -19.93071756
 -44.00099424 -19.9852246  -43.89961863 -19.90356488 -43.91958736
 -19.8473267  -44.00261321 -19.89787634 -43.94535223 -19.88845145]
2024-06-11 23:44:02,813 - pyswarms.single.global_best - INFO - Optimize for 200 iters with {'c1': 0.3, 'c2': 0.7, 'w': 0.6}
2024-06-11 23:45:10,759 - pyswarms.single.global_best - INFO - Optimization finished | best cost: 44619.36670511858, best pos: [-43.98382908 -19.81580556 -44.01031937 -19.89303543 -44.028267
 -19.99462501 -43.94159971 -19.9438823  -43.97843244 -19.94755813
 -43.93923262 -19.8619117  -43.959598   -19.89776175 -44.00604485
 -19.92833946 -43.90814561 -19.84589376 -43.91582481 -19.91136437]
2024-06-11 23:46:09,341 - pyswarms.single.global_best - INFO - Optimize for 200 iters with {'c1': 0.7, 'c2': 0.3, 'w': 0.6}
2024-06-11 23:47:32,488 - pyswarms.single.global_best - INFO - Optimization finished | best cost: 44134.98148189185, best pos: [-43.93467686 -19.90375302 -43.97981325 -19.95290661 -43.95181794
 -19.87812719 -44.03024825 -19.99442395 -44.00542726 -19.88677488
 -43.98412243 -19.81691721 -44.00172286 -19.92498613 -43.90354558
 -19.90935854 -43.93868353 -19.9425388  -43.91819124 -19.84689163]
2024-06-11 23:47:40,228 - pyswarms.single.global_best - INFO - Optimize for 200 iters with {'c1': 1, 'c2': 1, 'w': 0.6}
2024-06-11 23:48:54,889 - pyswarms.single.global_best - INFO - Optimization finished | best cost: 42875.37276780686, best pos: [-43.90691451 -19.85670396 -43.99441837 -19.82169394 -43.91196917
 -19.91915329 -43.99792055 -19.9509445  -43.96380158 -19.80988517
 -43.94381527 -19.89278106 -44.0018166  -19.89832034 -43.95162349
 -19.9455428  -44.02916322 -19.99516451 -43.93887768 -19.84174224]
2024-06-11 23:49:45,550 - pyswarms.single.global_best - INFO - Optimize for 200 iters with {'c1': 0.3, 'c2': 0.7, 'w': 0.2}
2024-06-11 23:51:23,246 - pyswarms.single.global_best - INFO - Optimization finished | best cost: 50998.45552651961, best pos: [-43.95473419 -19.8806999  -43.91289881 -19.84344063 -43.87686207
 -19.81980577 -43.9198476  -19.91731896 -43.95390813 -19.9574023
 -43.98745293 -19.89964496 -44.01960449 -19.97555846 -43.93020647
 -19.87504306 -43.99579417 -19.82416328 -43.95434284 -19.82865756]
2024-06-11 23:57:25,580 - pyswarms.single.global_best - INFO - Optimize for 200 iters with {'c1': 0.3, 'c2': 0.7, 'w': 0.2}
2024-06-11 23:59:15,392 - pyswarms.single.global_best - INFO - Optimization finished | best cost: 37188.58844145068, best pos: [-43.95287207 -19.85189715 -43.94498599 -19.81726712 -43.90581994
 -19.85126165 -43.98823924 -19.87737544 -43.95781357 -19.79870632
 -44.00493564 -19.91928142 -43.93208291 -19.89074749 -43.90254333
 -19.90392944 -43.9913605  -19.81686859 -44.00515044 -19.88837009
 -43.92253454 -19.82207734 -44.01745831 -19.79008646 -43.97292014
 -19.93651734 -43.93787603 -19.91015626 -43.91541433 -19.86238958]
2024-06-12 00:02:18,577 - pyswarms.single.global_best - INFO - Optimize for 200 iters with {'c1': 0.3, 'c2': 0.7, 'w': 0.6}
2024-06-12 00:04:10,521 - pyswarms.single.global_best - INFO - Optimization finished | best cost: 31988.146097085406, best pos: [-43.96167374 -19.81856318 -43.95864063 -19.94629022 -43.93362915
 -19.89576248 -43.99764576 -19.94347859 -44.0237241  -19.91579522
 -43.96800315 -19.89374109 -43.99857219 -19.91589996 -43.98064552
 -19.79678232 -43.93098537 -19.8490228  -44.04510454 -19.99577756
 -43.90414987 -19.9014562  -44.00541427 -19.884057   -43.89883602
 -19.84775866 -43.91994182 -19.86416512 -43.99569078 -19.82355195]
2024-06-12 00:09:36,467 - pyswarms.single.global_best - INFO - Optimize for 200 iters with {'c1': 0.7, 'c2': 0.3, 'w': 0.6}
2024-06-12 00:11:44,261 - pyswarms.single.global_best - INFO - Optimization finished | best cost: 32055.762658393232, best pos: [-43.93443432 -19.901745   -43.97261732 -19.94320219 -43.94433632
 -19.95063419 -43.89999738 -19.91505836 -43.9560182  -19.83785177
 -43.91479448 -19.86406994 -43.90891962 -19.89495296 -43.99541653
 -19.82203237 -44.03732433 -20.00154247 -44.008619   -19.91977932
 -44.01204923 -19.89163062 -43.96088487 -19.81000781 -43.9175823
 -19.83669932 -43.97152142 -19.89563189 -44.00244113 -19.95433193]
2024-06-12 00:14:51,298 - pyswarms.single.global_best - INFO - Optimize for 1000 iters with {'c1': 0.3, 'c2': 0.7, 'w': 0.2}
2024-06-12 00:19:52,140 - pyswarms.single.global_best - INFO - Optimization finished | best cost: 48390.6487112072, best pos: [-43.95539728 -19.81694809 -43.91505905 -19.8543277  -43.99938079
 -19.90192567 -43.99512966 -19.81749461 -43.89764464 -19.90786872]
2024-06-12 00:55:42,982 - pyswarms.single.global_best - INFO - Optimize for 100 iters with {'c1': 0.5, 'c2': 0.3, 'w': 0.9}
2024-06-12 00:55:44,258 - pyswarms.single.global_best - INFO - Optimization finished | best cost: 232.9941605077702, best pos: [35.34538757 76.70428105 15.83798165 14.32850491 89.65982048 66.91189702]
2024-06-12 01:00:40,687 - pyswarms.single.global_best - INFO - Optimize for 1000 iters with {'c1': 0.3, 'c2': 0.7, 'w': 0.6}
2024-06-12 01:03:41,138 - pyswarms.single.global_best - INFO - Optimize for 200 iters with {'c1': 0.3, 'c2': 0.7, 'w': 0.2}
2024-06-12 01:04:53,999 - pyswarms.single.global_best - INFO - Optimization finished | best cost: 49107.12013734225, best pos: [-43.91830781 -19.82452417 -43.91844852 -19.84330789 -43.90219516
 -19.89496856 -43.95464639 -19.88153273 -43.92986511 -19.9411215
 -43.89753954 -19.83858058 -43.98087375 -19.94558228 -43.9999554
 -19.89984342 -44.01503825 -19.98293279 -43.98148722 -19.81432295]
2024-06-12 01:11:29,221 - pyswarms.single.global_best - INFO - Optimize for 200 iters with {'c1': 0.3, 'c2': 0.7, 'w': 0.2}
2024-06-12 01:13:00,855 - pyswarms.single.global_best - INFO - Optimization finished | best cost: 48598.32666125113, best pos: [-43.99885328 -19.94099248 -43.93563569 -19.84079766 -43.94417305
 -19.89802304 -43.99623886 -19.98044976 -43.99821192 -19.80666778
 -43.92655051 -19.86063696 -43.91352054 -19.92007971 -43.95499893
 -19.93956483 -44.00191123 -19.90313013 -43.98593308 -19.82197714]
